0 info it worked if it ends with ok
1 verbose cli [ '/home/vagrant/.nave/installed/0.10.30/bin/node',
1 verbose cli   '/home/vagrant/.nave/installed/0.10.30/bin/npm',
1 verbose cli   'install',
1 verbose cli   '--production' ]
2 info using npm@1.4.21
3 info using node@v0.10.30
4 error install Couldn't read dependencies
5 error package.json ENOENT, open '/usr/local/lib/package.json'
5 error package.json This is most likely not a problem with npm itself.
5 error package.json npm can't find a package.json file in your current directory.
6 error System Linux 3.11.0-15-generic
7 error command "/home/vagrant/.nave/installed/0.10.30/bin/node" "/home/vagrant/.nave/installed/0.10.30/bin/npm" "install" "--production"
8 error cwd /usr/local/lib/node_modules/auth0-docs
9 error node -v v0.10.30
10 error npm -v 1.4.21
11 error path /usr/local/lib/package.json
12 error code ENOPACKAGEJSON
13 error errno 34
14 verbose exit [ 34, true ]
